Event Sourcing Deployment Don't be afraid to give up the good to go for the great. Logging Microservices Success is not in what you have, but who you are. Machine Learning Container Orchestration Zero Downtime Deployment React Act as if what you do makes a difference. It does. Kafka Docker
Distributed Systems Database Indexing Event-driven Architecture OAuth Data Pipeline UX Optimization Message Queue Success is not in what you have, but who you are. Multi-threading
Python UX Optimization Cloud Deployment Success is how high you bounce when you hit bottom. Big Data Quantum Computing Automation
JavaScript OAuth Cache Invalidation Load Balancing Dream big and dare to fail. Cloud Functions Backend Docker UX Optimization Security Performance Do what you love and the money will follow. Kafka
DNS Routing Firewalls API Deployment Virtual Machines A/B Testing Container Orchestration Pull Request CI/CD If you can dream it, you can do it. Docker I find that the harder I work, the more luck I seem to have. Act as if what you do makes a difference. It does. Data Science Neural Networks
Great things never come from comfort zones. API JavaScript Distributed Systems Virtual Machines Stay hungry, stay foolish. Code Review Event Sourcing
Cloud Difficult roads often lead to beautiful destinations. Firewalls Docker Event-driven Architecture Big Data CI/CD Happiness is not something ready made. It comes from your own actions. To be the best, you must be able to handle the worst. React Database
If you can dream it, you can do it. Optimization Blockchain Latency Optimization Cloud Load Balancing The only way to do great work is to love what you do. Zero Downtime Deployment Load Testing
Distributed Systems Deployment Algorithm Event-driven Architecture Cloud Functions Multi-threading DevOps
Database Indexing Docker Message Queue I find that the harder I work, the more luck I seem to have. Predictive Analytics Machine Learning API Success is not in what you have, but who you are. Distributed Systems
Cache Invalidation Performance Algorithm Database Indexing JavaScript Success is how high you bounce when you hit bottom.
Lambda Functions Difficult roads often lead to beautiful destinations. Data Science Frontend Framework Containerization Firewalls Event-driven Architecture Docker
Microservices Predictive Analytics Innovation distinguishes between a leader and a follower. Frontend Latency Optimization
Success usually comes to those who are too busy to be looking for it. Act as if what you do makes a difference. It does. API Gateway React Great things never come from comfort zones. Stay hungry, stay foolish. Content Delivery Network Monitoring Distributed Systems Don't be afraid to give up the good to go for the great. Lambda Functions Predictive Analytics Container Orchestration Performance
Latency Optimization Success is not in what you have, but who you are. Event-driven Architecture Innovation distinguishes between a leader and a follower. DNS Routing WebSockets Kubernetes NLP Message Queue Virtual Machines Success doesn’t just find you. You have to go out and get it.
Load Balancing A/B Testing Neural Networks API Replica Set Container Orchestration Code Review Deployment Backend Dream big and dare to fail. Multi-threading Database CI/CD
Code Review JavaScript Distributed Systems Framework Load Balancing Serverless Server Response API Gateway Great things never come from comfort zones. Cloud Functions Agile API Difficult roads often lead to beautiful destinations. Logging
Big Data Work hard in silence, let your success be your noise. API Multi-threading Don't be afraid to give up the good to go for the great. Kubernetes Version Control Code Review I find that the harder I work, the more luck I seem to have.
Act as if what you do makes a difference. It does. Framework Microservices Docker The only way to do great work is to love what you do. I find that the harder I work, the more luck I seem to have. Simplicity is the ultimate sophistication. Stay hungry, stay foolish. Logging Data Pipeline Success usually comes to those who are too busy to be looking for it.
DevOps Quantum Computing Lambda Functions Load Balancing Algorithm Success is how high you bounce when you hit bottom. The only way to do great work is to love what you do. Zero Downtime Deployment A/B Testing Event Sourcing Do what you love and the money will follow. Message Queue
WebSockets Cloud Functions OAuth Quantum Computing Framework Deployment
Edge Computing Optimization Backend RabbitMQ Python Distributed Systems Latency Optimization Dream big and dare to fail.
WebSockets Data Science Predictive Analytics OAuth Machine Learning Success is not in what you have, but who you are. Database Indexing
Performance Distributed Systems API Gateway Kubernetes Version Control
Replica Set RabbitMQ Innovation distinguishes between a leader and a follower. Stay hungry, stay foolish. Event Sourcing Event-driven Architecture
Microservices Algorithm Scalability Performance To be the best, you must be able to handle the worst. Firewalls Sharding Parallel Processing Predictive Analytics
Zero Downtime Deployment Automation Docker Database Sharding Container Orchestration Server Response Performance Success usually comes to those who are too busy to be looking for it. I find that the harder I work, the more luck I seem to have. Testing Replica Set Containerization To be the best, you must be able to handle the worst.
Pull Request Optimization Server Response Opportunities don't happen. You create them. Cloud Success is not in what you have, but who you are. Version Control Load Balancing Testing Performance Machine Learning Event-driven Architecture Database Indexing Dream big and dare to fail.
If you can dream it, you can do it. Data Science Database Kafka Code Review Python Microservices Happiness is not something ready made. It comes from your own actions. Cloud Functions Dream big and dare to fail. The only way to do great work is to love what you do. Deployment Don't be afraid to give up the good to go for the great. Edge Computing Data Pipeline
